<?xml version="1.0" encoding="UTF-8"?>
<testsuite name="Test2BaseWeb" tests="1" skipped="0" failures="0" errors="0" timestamp="2023-11-26T18:05:13" hostname="DESKTOP-JDIK48R" time="3.264">
  <properties/>
  <testcase name="navigate()" classname="Test2BaseWeb" time="3.264"/>
  <system-out><![CDATA[]]></system-out>
  <system-err><![CDATA[]]></system-err>
</testsuite>
