<?xml version="1.0" encoding="UTF-8"?>
<testsuite name="AssertionExample" tests="1" skipped="0" failures="0" errors="0" timestamp="2023-11-26T18:03:43" hostname="DESKTOP-JDIK48R" time="0.244">
  <properties/>
  <testcase name="assertionExample()" classname="AssertionExample" time="0.244"/>
  <system-out><![CDATA[]]></system-out>
  <system-err><![CDATA[]]></system-err>
</testsuite>
