<?xml version="1.0" encoding="UTF-8"?>
<testsuite name="pageobjects.BrowseFreeMarket" tests="1" skipped="0" failures="0" errors="0" timestamp="2024-01-06T19:28:10" hostname="DESKTOP-JDIK48R" time="18.054">
  <properties/>
  <testcase name="freemarket()" classname="pageobjects.BrowseFreeMarket" time="18.054"/>
  <system-out><![CDATA[ el numero de productos hallados es: 50
________________________
 La descripcion del producto es: Apple iPhone 15 Pro Max (256 GB) - Titanio Natural
 el precio del producto es $
5.930.991
10% OFF
________________________
________________________
 La descripcion del producto es: Conveniente Teléfono Móvil Ligero De La Pantalla Del Teléfon
 el precio del producto es $
64.640
________________________
________________________
 La descripcion del producto es: Apple iPhone 13 Pro Max (256 GB) - Grafito
 el precio del producto es $
4.899.999
________________________
________________________
 La descripcion del producto es: iPhone 13 Pro Max 128 Gb Color Blanco . Completamente Color Blanco
 el precio del producto es $
4.749.999
________________________
________________________
 La descripcion del producto es: Apple iPhone 14 Pro Max (128 GB) - Color plata
 el precio del producto es $
5.350.000
________________________
________________________
 La descripcion del producto es: Apple iPhone 13 Pro Max (128 Gb) - Blanco + Obsequio
 el precio del producto es $
5.012.910
10% OFF
________________________
________________________
 La descripcion del producto es: Apple iPhone 13 Pro Max (128 Gb) Azul + Obsequio
 el precio del producto es $
4.499.100
10% OFF
________________________
________________________
 La descripcion del producto es: Celular iPhone 13 Pro Max 128gb Reacondicionado
 el precio del producto es $
4.823.910
10% OFF
________________________
________________________
 La descripcion del producto es: Apple iPhone 13 Pro Max (128 Gb) - Verde Alpino
 el precio del producto es $
4.290.000
________________________
________________________
 La descripcion del producto es: Apple iPhone 13 Pro Max (128 Gb) + Obsequio
 el precio del producto es $
4.940.910
10% OFF
________________________
________________________
 La descripcion del producto es: Apple iPhone 13 Pro Max A2644 6gb 256gb
 el precio del producto es $
10.099.000
________________________
________________________
 La descripcion del producto es: Apple iPhone 13 Pro Max A2644 6gb 1tb
 el precio del producto es $
14.298.000
________________________
________________________
 La descripcion del producto es: Apple iPhone 13 Pro Max A2644 6gb 128gb
 el precio del producto es $
9.499.000
________________________
________________________
 La descripcion del producto es: Apple iPhone 13 Pro Max A2644 6gb 512gb
 el precio del producto es $
11.598.000
________________________
________________________
 La descripcion del producto es: Apple iPhone 13 Pro Max (128 Gb) - Grafito
 el precio del producto es $
4.590.000
________________________
________________________
 La descripcion del producto es: Celular iPhone 13 Pro Max 1t Azul Reacondicionado
 el precio del producto es $
6.029.910
10% OFF
________________________
________________________
 La descripcion del producto es: Apple iPhone 13 Pro Max (128 Gb) - Refurbished
 el precio del producto es $
4.780.000
________________________
________________________
 La descripcion del producto es: Celular iPhone 13 Pro Max 128gb
 el precio del producto es $
5.825.000
________________________
________________________
 La descripcion del producto es: Apple iPhone 13 Pro Max (256 Gb) - Oro
 el precio del producto es $
4.129.000
________________________
________________________
 La descripcion del producto es: Apple iPhone 13 Pro Max (128 Gb) - Oro
 el precio del producto es $
3.789.000
________________________
________________________
 La descripcion del producto es: Apple iPhone 13 Pro Max (128 Gb) - Verde Alpino
 el precio del producto es $
3.789.000
________________________
________________________
 La descripcion del producto es: Apple iPhone 13 Pro Max (128 Gb) - Azul Sierra
 el precio del producto es $
3.789.000
________________________
________________________
 La descripcion del producto es: Apple iPhone 13 Pro Max (128 Gb) - Grafito
 el precio del producto es $
3.789.000
________________________
________________________
 La descripcion del producto es: Apple iPhone 13 Pro Max (256 Gb) - Verde Alpino
 el precio del producto es $
4.129.000
________________________
________________________
 La descripcion del producto es: Apple iPhone 13 Pro Max (128 Gb) - Plata
 el precio del producto es $
3.789.000
________________________
________________________
 La descripcion del producto es: Apple iPhone 13 Pro Max (256 Gb) - Azul Sierra
 el precio del producto es $
4.129.000
________________________
________________________
 La descripcion del producto es: Apple iPhone 13 Pro Max (256 Gb) - Grafito
 el precio del producto es $
4.129.000
________________________
________________________
 La descripcion del producto es: iPhone 13 Pro Max De 128 Gb Color Grafito Reacondicionado
 el precio del producto es $
3.900.000
________________________
________________________
 La descripcion del producto es: iPhone 13 Pro Max 128 Gb Azul Sierra Reacondicionado
 el precio del producto es $
3.900.000
________________________
________________________
 La descripcion del producto es: Apple iPhone 13 Pro Max (256 Gb) - Grafito
 el precio del producto es $
4.800.000
________________________
________________________
 La descripcion del producto es: iPhone 13 Pro Max 512gb 10/10 Como Nuevo
 el precio del producto es $
4.499.000
________________________
________________________
 La descripcion del producto es: Oferta Apple iPhone 13 Pro Max 256 Gb 5g Libre - Azul Sierra
 el precio del producto es $
3.500.000
________________________
________________________
 La descripcion del producto es: iPhone 13 Pro Max
 el precio del producto es $
3.800.000
________________________
________________________
 La descripcion del producto es: iPhone 13 Pro Max 128gb 6gb Ram -applezoneco Tienda Ofi
 el precio del producto es $
3.250.000
________________________
________________________
 La descripcion del producto es: iPhone 13 Pro Max 128 Gb
 el precio del producto es $
3.699.000
________________________
________________________
 La descripcion del producto es: iPhone 13 Pro Max De 256gb Dorado
 el precio del producto es $
3.900.000
________________________
________________________
 La descripcion del producto es: iPhone 13 Pro Max 256 Gb - Excelente Estado
 el precio del producto es $
3.500.000
________________________
________________________
 La descripcion del producto es: iPhone 13 Pro Max
 el precio del producto es $
4.200.000
________________________
________________________
 La descripcion del producto es: Celular iPhone 13 Pro Max
 el precio del producto es $
3.500.000
________________________
________________________
 La descripcion del producto es: iPhone 13 Pro Max Silver 128 Gb Totalmente Original
 el precio del producto es $
3.399.000
________________________
________________________
 La descripcion del producto es: iPhone 13 Pro Max 128 Gb- Azul Sierra, Perfecto, Hermoso.
 el precio del producto es $
3.599.900
________________________
________________________
 La descripcion del producto es: iPhone 13 Pro Max 256 Gb Verde, Cargador Factura, Caja.
 el precio del producto es $
3.599.000
________________________
________________________
 La descripcion del producto es: iPhone 13 Pro Max 128 Gb Verde Alpino Con Cargador, Hermoso,
 el precio del producto es $
3.650.000
________________________
________________________
 La descripcion del producto es: Celular iPhone 13 Pro Max 128 Gb
 el precio del producto es $
5.500.000
________________________
________________________
 La descripcion del producto es: iPhone 13 Pro Max 128 Gigas.
 el precio del producto es $
3.590.000
________________________
________________________
 La descripcion del producto es: iPhone 13 Pro Max 128 Gb Verde, Caja, Cargador, Factura.
 el precio del producto es $
3.499.000
________________________
________________________
 La descripcion del producto es: Apple iPhone 13 Pro Max (256 Gb) - Grafito
 el precio del producto es $
4.350.000
________________________
________________________
 La descripcion del producto es: iPhone 13 Pro Max 512 Gb Negro Usado
 el precio del producto es $
4.100.000
________________________
________________________
 La descripcion del producto es: Apple iPhone 13 Pro Max (128 Gb) - Azul Sierra
 el precio del producto es $
4.300.000
________________________
________________________
 La descripcion del producto es: iPhone 13 Pro Max
 el precio del producto es $
4.200.000
________________________
]]></system-out>
  <system-err><![CDATA[SLF4J: No SLF4J providers were found.
SLF4J: Defaulting to no-operation (NOP) logger implementation
SLF4J: See https://www.slf4j.org/codes.html#noProviders for further details.
1704569290726	geckodriver	INFO	Listening on 127.0.0.1:23752
1704569290973	mozrunner::runner	INFO	Running command: "C:\\Program Files\\Mozilla Firefox\\firefox.exe" "--marionette" "-no-remote" "-profile" "C:\\Users\\DELLUSER\\AppData\\Local\\Temp\\rust_mozprofilephXwyI"
console.warn: services.settings: Ignoring preference override of remote settings server
console.warn: services.settings: Allow by setting MOZ_REMOTE_SETTINGS_DEVTOOLS=1 in the environment
1704569291293	Marionette	INFO	Marionette enabled
Dynamically enable window occlusion 0
1704569291388	Marionette	INFO	Listening on port 52652
Read port: 52652
1704569291629	RemoteAgent	WARN	TLS certificate errors will be ignored for this session
ene. 06, 2024 2:28:13 P. M. org.openqa.selenium.remote.ProtocolHandshake createSession
INFORMACIÓN: Detected dialect: W3C
console.warn: LoginRecipes: "Falling back to a synchronous message for: https://www.mercadolibre.com.co."
JavaScript warning: https://connect.facebook.net/en_US/fbevents.js, line 24: Script terminated by timeout at:
value@https://connect.facebook.net/en_US/fbevents.js:24:7878
@https://connect.facebook.net/en_US/fbevents.js:24:69164

1704569306987	Marionette	INFO	Stopped listening on port 52652
JavaScript warning: https://articulo.mercadolibre.com.co/MCO-849702042-apple-iphone-13-pro-max-a2644-6gb-256gb-_JM#position=11&search_layout=stack&type=item&tracking_id=a1d4920f-894b-436d-a82c-7dc775221341, line 5: Script terminated by timeout at:
nrWrapper@https://articulo.mercadolibre.com.co/MCO-849702042-apple-iphone-13-pro-max-a2644-6gb-256gb-_JM#position=11&search_layout=stack&type=item&tracking_id=a1d4920f-894b-436d-a82c-7dc775221341:5:16163

Dynamically enable window occlusion 1
]]></system-err>
</testsuite>
